<?xml version="1.0" encoding="UTF-8"?>
<testsuite name="AppTest" tests="8" skipped="0" failures="0" errors="0" timestamp="2015-08-29T01:34:59" hostname="Nataliyas-MacBook-Pro.local" time="1.342">
  <properties/>
  <testcase name="update_UpdatesStylistInDatabase" classname="AppTest" time="0.796"/>
  <testcase name="formToUpdateClientIsDisplayed" classname="AppTest" time="0.072"/>
  <testcase name="stylistIsDisplayedOnItsPageTest" classname="AppTest" time="0.055"/>
  <testcase name="rootTest" classname="AppTest" time="0.028"/>
  <testcase name="update_UpdatesClientInDatabase" classname="AppTest" time="0.087"/>
  <testcase name="clientIsAddedAndDisplayed" classname="AppTest" time="0.062"/>
  <testcase name="stylistClientsFormIsDisplayed" classname="AppTest" time="0.037"/>
  <testcase name="stylistIsAddedTest" classname="AppTest" time="0.168"/>
  <system-out><![CDATA[]]></system-out>
  <system-err><![CDATA[[Thread-4] INFO spark.webserver.SparkServer - == Spark has ignited ...
[Thread-4] INFO spark.webserver.SparkServer - >> Listening on 0.0.0.0:4567
[Thread-4] INFO org.eclipse.jetty.server.Server - jetty-9.0.2.v20130417
[Thread-4] INFO org.eclipse.jetty.server.ServerConnector - Started ServerConnector@43ddb09c{HTTP/1.1}{0.0.0.0:4567}
[Test worker] INFO spark.webserver.SparkServer - >>> Spark shutting down ...
[Test worker] INFO org.eclipse.jetty.server.Server - Graceful shutdown org.eclipse.jetty.server.Server@1de64cf1 by 
[Test worker] INFO org.eclipse.jetty.server.ServerConnector - Stopped ServerConnector@43ddb09c{HTTP/1.1}{0.0.0.0:4567}
[Test worker] INFO spark.webserver.SparkServer - done
]]></system-err>
</testsuite>
