<?xml version="1.0" encoding="UTF-8"?>
<testsuite name="ClientTest" tests="8" skipped="0" failures="0" errors="0" timestamp="2015-08-28T19:30:29" hostname="Nataliyas-MacBook-Pro.local" time="0.314">
  <properties/>
  <testcase name="save_savesStylistIdIntoDatabase_true" classname="ClientTest" time="0.078"/>
  <testcase name="find_findsClientInDatabase_true" classname="ClientTest" time="0.033"/>
  <testcase name="save_returnsTrueIfClientNamesAretheSame" classname="ClientTest" time="0.028"/>
  <testcase name="equals_returnsTrueIfClientNamesAretheSame" classname="ClientTest" time="0.009"/>
  <testcase name="all_emptyAtFirst" classname="ClientTest" time="0.016"/>
  <testcase name="update_updatesClientinDatabase_true" classname="ClientTest" time="0.066"/>
  <testcase name="delete_deletesClientFromDatabase_true" classname="ClientTest" time="0.05"/>
  <testcase name="save_assignsIdToObject" classname="ClientTest" time="0.029"/>
  <system-out><![CDATA[]]></system-out>
  <system-err><![CDATA[]]></system-err>
</testsuite>
