<?xml version="1.0" encoding="UTF-8"?>
<testsuite name="AppTest" tests="9" skipped="0" failures="0" errors="0" timestamp="2015-08-29T01:54:27" hostname="Nataliyas-MacBook-Pro.local" time="1.443">
  <properties/>
  <testcase name="update_UpdatesStylistInDatabase" classname="AppTest" time="0.815"/>
  <testcase name="formToUpdateClientIsDisplayed" classname="AppTest" time="0.063"/>
  <testcase name="stylistIsDisplayedOnItsPageTest" classname="AppTest" time="0.058"/>
  <testcase name="rootTest" classname="AppTest" time="0.029"/>
  <testcase name="update_UpdatesClientInDatabase" classname="AppTest" time="0.084"/>
  <testcase name="clientIsAddedAndDisplayed" classname="AppTest" time="0.063"/>
  <testcase name="delete_deleteStylistFromDatabase" classname="AppTest" time="0.067"/>
  <testcase name="stylistClientsFormIsDisplayed" classname="AppTest" time="0.052"/>
  <testcase name="stylistIsAddedTest" classname="AppTest" time="0.163"/>
  <system-out><![CDATA[]]></system-out>
  <system-err><![CDATA[[Thread-4] INFO spark.webserver.SparkServer - == Spark has ignited ...
[Thread-4] INFO spark.webserver.SparkServer - >> Listening on 0.0.0.0:4567
[Thread-4] INFO org.eclipse.jetty.server.Server - jetty-9.0.2.v20130417
[Thread-4] INFO org.eclipse.jetty.server.ServerConnector - Started ServerConnector@4bdcffd5{HTTP/1.1}{0.0.0.0:4567}
[Test worker] INFO spark.webserver.SparkServer - >>> Spark shutting down ...
[Test worker] INFO org.eclipse.jetty.server.Server - Graceful shutdown org.eclipse.jetty.server.Server@7bb6b51a by 
[Test worker] INFO org.eclipse.jetty.server.ServerConnector - Stopped ServerConnector@4bdcffd5{HTTP/1.1}{0.0.0.0:4567}
[Test worker] INFO spark.webserver.SparkServer - done
]]></system-err>
</testsuite>
