<?xml version="1.0" encoding="UTF-8"?>
<testsuite name="AppTest" tests="11" skipped="0" failures="0" errors="0" timestamp="2015-08-29T19:13:41" hostname="Nataliyas-MacBook-Pro.local" time="1.516">
  <properties/>
  <testcase name="formToUpdateClientIsDisplayed" classname="AppTest" time="0.613"/>
  <testcase name="stylistIsDisplayedOnItsPageTest" classname="AppTest" time="0.084"/>
  <testcase name="updatePhone_UpdatesAndDisplaysUpdatedClientPhone" classname="AppTest" time="0.088"/>
  <testcase name="rootTest" classname="AppTest" time="0.065"/>
  <testcase name="clientIsAddedAndDisplayed" classname="AppTest" time="0.068"/>
  <testcase name="updateName_UpdatesAndDisplaysUpdatedClientName" classname="AppTest" time="0.074"/>
  <testcase name="update_UpdatesAndDisplaysUpdatedStylist" classname="AppTest" time="0.062"/>
  <testcase name="delete_DeletedStylistNoLongerDisplayed" classname="AppTest" time="0.092"/>
  <testcase name="stylistClientsFormIsDisplayed" classname="AppTest" time="0.059"/>
  <testcase name="stylistIsAddedTest" classname="AppTest" time="0.172"/>
  <testcase name="delete_DeletedClientNoLongerDisplayed" classname="AppTest" time="0.084"/>
  <system-out><![CDATA[]]></system-out>
  <system-err><![CDATA[[Thread-4] INFO spark.webserver.SparkServer - == Spark has ignited ...
[Thread-4] INFO spark.webserver.SparkServer - >> Listening on 0.0.0.0:4567
[Thread-4] INFO org.eclipse.jetty.server.Server - jetty-9.0.2.v20130417
[Thread-4] INFO org.eclipse.jetty.server.ServerConnector - Started ServerConnector@52696373{HTTP/1.1}{0.0.0.0:4567}
[Test worker] INFO spark.webserver.SparkServer - >>> Spark shutting down ...
[Test worker] INFO org.eclipse.jetty.server.Server - Graceful shutdown org.eclipse.jetty.server.Server@6b95712e by 
[Test worker] INFO org.eclipse.jetty.server.ServerConnector - Stopped ServerConnector@52696373{HTTP/1.1}{0.0.0.0:4567}
[Test worker] INFO spark.webserver.SparkServer - done
]]></system-err>
</testsuite>
