<?xml version="1.0" encoding="UTF-8"?>
<testsuite name="ClientTest" tests="8" skipped="0" failures="0" errors="0" timestamp="2015-08-28T16:21:47" hostname="Nataliyas-MacBook-Pro.local" time="0.507">
  <properties/>
  <testcase name="update_updatesClientNameinDatabase_true" classname="ClientTest" time="0.245"/>
  <testcase name="save_savesStylistIdIntoDatabase_true" classname="ClientTest" time="0.053"/>
  <testcase name="find_findsClientInDatabase_true" classname="ClientTest" time="0.041"/>
  <testcase name="save_returnsTrueIfClientNamesAretheSame" classname="ClientTest" time="0.037"/>
  <testcase name="equals_returnsTrueIfClientNamesAretheSame" classname="ClientTest" time="0.012"/>
  <testcase name="all_emptyAtFirst" classname="ClientTest" time="0.023"/>
  <testcase name="delete_deletesClientFromDatabase_true" classname="ClientTest" time="0.058"/>
  <testcase name="save_assignsIdToObject" classname="ClientTest" time="0.033"/>
  <system-out><![CDATA[]]></system-out>
  <system-err><![CDATA[]]></system-err>
</testsuite>
