<?xml version="1.0" encoding="UTF-8"?>
<testsuite name="AppTest" tests="6" skipped="0" failures="0" errors="0" timestamp="2015-08-29T05:03:39" hostname="Nataliyas-MacBook-Pro.local" time="0.931">
  <properties/>
  <testcase name="formToUpdateClientIsDisplayed" classname="AppTest" time="0.544"/>
  <testcase name="stylistIsDisplayedOnItsPageTest" classname="AppTest" time="0.066"/>
  <testcase name="rootTest" classname="AppTest" time="0.041"/>
  <testcase name="clientIsAddedAndDisplayed" classname="AppTest" time="0.069"/>
  <testcase name="stylistClientsFormIsDisplayed" classname="AppTest" time="0.053"/>
  <testcase name="stylistIsAddedTest" classname="AppTest" time="0.117"/>
  <system-out><![CDATA[]]></system-out>
  <system-err><![CDATA[[Thread-4] INFO spark.webserver.SparkServer - == Spark has ignited ...
[Thread-4] INFO spark.webserver.SparkServer - >> Listening on 0.0.0.0:4567
[Thread-4] INFO org.eclipse.jetty.server.Server - jetty-9.0.2.v20130417
[Thread-4] INFO org.eclipse.jetty.server.ServerConnector - Started ServerConnector@64ad074e{HTTP/1.1}{0.0.0.0:4567}
[Test worker] INFO spark.webserver.SparkServer - >>> Spark shutting down ...
[Test worker] INFO org.eclipse.jetty.server.Server - Graceful shutdown org.eclipse.jetty.server.Server@1023cfdb by 
[Test worker] INFO org.eclipse.jetty.server.ServerConnector - Stopped ServerConnector@64ad074e{HTTP/1.1}{0.0.0.0:4567}
[Test worker] INFO spark.webserver.SparkServer - done
]]></system-err>
</testsuite>
