<?xml version="1.0" encoding="UTF-8"?>
<testsuite name="StylistTest" tests="8" skipped="0" failures="0" errors="0" timestamp="2015-08-29T19:13:43" hostname="Nataliyas-MacBook-Pro.local" time="0.281">
  <properties/>
  <testcase name="clientsPopulatedByStylist_true" classname="StylistTest" time="0.059"/>
  <testcase name="save_savesStylistIntoDatabase_true" classname="StylistTest" time="0.032"/>
  <testcase name="all_emptyAtFirst" classname="StylistTest" time="0.02"/>
  <testcase name="find_findsStylistInDatabase_true" classname="StylistTest" time="0.024"/>
  <testcase name="update_updatesStylistInDatabase_true" classname="StylistTest" time="0.041"/>
  <testcase name="equals_returnsTrueIfStylistNamesAretheSame" classname="StylistTest" time="0.01"/>
  <testcase name="getClients_retrievesAllClientsFromDatabase_clientsList" classname="StylistTest" time="0.05"/>
  <testcase name="delete_deletesStylistFromDatabase_true" classname="StylistTest" time="0.041"/>
  <system-out><![CDATA[]]></system-out>
  <system-err><![CDATA[]]></system-err>
</testsuite>
