<?xml version="1.0" encoding="UTF-8"?>
<testsuite name="ClientTest" tests="1" skipped="0" failures="0" errors="0" timestamp="2015-08-28T14:14:04" hostname="Nataliyas-MacBook-Pro.local" time="0.29">
  <properties/>
  <testcase name="all_emptyAtFirst" classname="ClientTest" time="0.29"/>
  <system-out><![CDATA[]]></system-out>
  <system-err><![CDATA[]]></system-err>
</testsuite>
