<?xml version="1.0" encoding="UTF-8"?>
<testsuite name="ClientTest" tests="9" skipped="0" failures="0" errors="0" timestamp="2015-08-29T05:03:40" hostname="Nataliyas-MacBook-Pro.local" time="0.312">
  <properties/>
  <testcase name="save_savesStylistIdIntoDatabase_true" classname="ClientTest" time="0.042"/>
  <testcase name="find_findsClientInDatabase_true" classname="ClientTest" time="0.028"/>
  <testcase name="save_returnsTrueIfClientNamesAretheSame" classname="ClientTest" time="0.027"/>
  <testcase name="all_emptyAtFirst" classname="ClientTest" time="0.019"/>
  <testcase name="updateName_updatesClientNameinDatabase_true" classname="ClientTest" time="0.049"/>
  <testcase name="delete_deletesClientFromDatabase_true" classname="ClientTest" time="0.045"/>
  <testcase name="updatePhone_updatesClientPhoneInDatabase_true" classname="ClientTest" time="0.054"/>
  <testcase name="save_assignsIdToObject" classname="ClientTest" time="0.03"/>
  <testcase name="equals_returnsTrueIfClientNamePhoneAretheSame" classname="ClientTest" time="0.011"/>
  <system-out><![CDATA[]]></system-out>
  <system-err><![CDATA[]]></system-err>
</testsuite>
