<?xml version="1.0" encoding="UTF-8"?>
<testsuite name="ClientTest" tests="8" skipped="0" failures="0" errors="0" timestamp="2015-08-28T16:27:25" hostname="Nataliyas-MacBook-Pro.local" time="0.394">
  <properties/>
  <testcase name="update_updatesClientNameinDatabase_true" classname="ClientTest" time="0.187"/>
  <testcase name="save_savesStylistIdIntoDatabase_true" classname="ClientTest" time="0.044"/>
  <testcase name="find_findsClientInDatabase_true" classname="ClientTest" time="0.03"/>
  <testcase name="save_returnsTrueIfClientNamesAretheSame" classname="ClientTest" time="0.029"/>
  <testcase name="equals_returnsTrueIfClientNamesAretheSame" classname="ClientTest" time="0.013"/>
  <testcase name="all_emptyAtFirst" classname="ClientTest" time="0.019"/>
  <testcase name="delete_deletesClientFromDatabase_true" classname="ClientTest" time="0.044"/>
  <testcase name="save_assignsIdToObject" classname="ClientTest" time="0.027"/>
  <system-out><![CDATA[]]></system-out>
  <system-err><![CDATA[]]></system-err>
</testsuite>
