<?xml version="1.0" encoding="UTF-8"?>
<testsuite name="StylistTest" tests="4" skipped="0" failures="0" errors="0" timestamp="2015-08-28T16:31:23" hostname="Nataliyas-MacBook-Pro.local" time="0.082">
  <properties/>
  <testcase name="save_savesStylistIntoDatabase_true" classname="StylistTest" time="0.027"/>
  <testcase name="all_emptyAtFirst" classname="StylistTest" time="0.017"/>
  <testcase name="find_findsStylistInDatabase_true" classname="StylistTest" time="0.027"/>
  <testcase name="equals_returnsTrueIfStylistNamesAretheSame" classname="StylistTest" time="0.008"/>
  <system-out><![CDATA[]]></system-out>
  <system-err><![CDATA[]]></system-err>
</testsuite>
