<?xml version="1.0" encoding="UTF-8"?>
<testsuite name="ClientTest" tests="9" skipped="0" failures="0" errors="0" timestamp="2015-08-29T05:19:36" hostname="Nataliyas-MacBook-Pro.local" time="0.259">
  <properties/>
  <testcase name="save_savesStylistIdIntoDatabase_true" classname="ClientTest" time="0.032"/>
  <testcase name="find_findsClientInDatabase_true" classname="ClientTest" time="0.026"/>
  <testcase name="save_returnsTrueIfClientNamesAretheSame" classname="ClientTest" time="0.025"/>
  <testcase name="all_emptyAtFirst" classname="ClientTest" time="0.015"/>
  <testcase name="updateName_updatesClientNameinDatabase_true" classname="ClientTest" time="0.041"/>
  <testcase name="delete_deletesClientFromDatabase_true" classname="ClientTest" time="0.04"/>
  <testcase name="updatePhone_updatesClientPhoneInDatabase_true" classname="ClientTest" time="0.043"/>
  <testcase name="save_assignsIdToObject" classname="ClientTest" time="0.025"/>
  <testcase name="equals_returnsTrueIfClientNamePhoneAretheSame" classname="ClientTest" time="0.008"/>
  <system-out><![CDATA[]]></system-out>
  <system-err><![CDATA[]]></system-err>
</testsuite>
