<?xml version="1.0" encoding="UTF-8"?>
<testsuite name="ClientTest" tests="8" skipped="0" failures="0" errors="0" timestamp="2015-08-29T01:54:28" hostname="Nataliyas-MacBook-Pro.local" time="0.289">
  <properties/>
  <testcase name="save_savesStylistIdIntoDatabase_true" classname="ClientTest" time="0.05"/>
  <testcase name="find_findsClientInDatabase_true" classname="ClientTest" time="0.036"/>
  <testcase name="save_returnsTrueIfClientNamesAretheSame" classname="ClientTest" time="0.035"/>
  <testcase name="equals_returnsTrueIfClientNamesAretheSame" classname="ClientTest" time="0.013"/>
  <testcase name="all_emptyAtFirst" classname="ClientTest" time="0.031"/>
  <testcase name="update_updatesClientinDatabase_true" classname="ClientTest" time="0.049"/>
  <testcase name="delete_deletesClientFromDatabase_true" classname="ClientTest" time="0.043"/>
  <testcase name="save_assignsIdToObject" classname="ClientTest" time="0.025"/>
  <system-out><![CDATA[]]></system-out>
  <system-err><![CDATA[]]></system-err>
</testsuite>
