<?xml version="1.0" encoding="UTF-8"?>
<testsuite name="AppTest" tests="5" skipped="0" failures="0" errors="0" timestamp="2015-08-29T05:01:32" hostname="Nataliyas-MacBook-Pro.local" time="1.013">
  <properties/>
  <testcase name="stylistIsDisplayedOnItsPageTest" classname="AppTest" time="0.626"/>
  <testcase name="rootTest" classname="AppTest" time="0.051"/>
  <testcase name="clientIsAddedAndDisplayed" classname="AppTest" time="0.09"/>
  <testcase name="stylistClientsFormIsDisplayed" classname="AppTest" time="0.067"/>
  <testcase name="stylistIsAddedTest" classname="AppTest" time="0.15"/>
  <system-out><![CDATA[]]></system-out>
  <system-err><![CDATA[[Thread-4] INFO spark.webserver.SparkServer - == Spark has ignited ...
[Thread-4] INFO spark.webserver.SparkServer - >> Listening on 0.0.0.0:4567
[Thread-4] INFO org.eclipse.jetty.server.Server - jetty-9.0.2.v20130417
[Thread-4] INFO org.eclipse.jetty.server.ServerConnector - Started ServerConnector@6b2bcf79{HTTP/1.1}{0.0.0.0:4567}
[Test worker] INFO spark.webserver.SparkServer - >>> Spark shutting down ...
[Test worker] INFO org.eclipse.jetty.server.Server - Graceful shutdown org.eclipse.jetty.server.Server@66767eec by 
[Test worker] INFO org.eclipse.jetty.server.ServerConnector - Stopped ServerConnector@6b2bcf79{HTTP/1.1}{0.0.0.0:4567}
[Test worker] INFO spark.webserver.SparkServer - done
]]></system-err>
</testsuite>
