<?xml version="1.0" encoding="UTF-8"?>
<testsuite name="ClientTest" tests="9" skipped="0" failures="0" errors="0" timestamp="2015-08-29T05:01:33" hostname="Nataliyas-MacBook-Pro.local" time="0.326">
  <properties/>
  <testcase name="save_savesStylistIdIntoDatabase_true" classname="ClientTest" time="0.052"/>
  <testcase name="find_findsClientInDatabase_true" classname="ClientTest" time="0.027"/>
  <testcase name="save_returnsTrueIfClientNamesAretheSame" classname="ClientTest" time="0.034"/>
  <testcase name="all_emptyAtFirst" classname="ClientTest" time="0.019"/>
  <testcase name="updateName_updatesClientNameinDatabase_true" classname="ClientTest" time="0.047"/>
  <testcase name="delete_deletesClientFromDatabase_true" classname="ClientTest" time="0.049"/>
  <testcase name="updatePhone_updatesClientPhoneInDatabase_true" classname="ClientTest" time="0.046"/>
  <testcase name="save_assignsIdToObject" classname="ClientTest" time="0.033"/>
  <testcase name="equals_returnsTrueIfClientNamePhoneAretheSame" classname="ClientTest" time="0.012"/>
  <system-out><![CDATA[]]></system-out>
  <system-err><![CDATA[]]></system-err>
</testsuite>
