<?xml version="1.0" encoding="UTF-8"?>
<testsuite name="StylistTest" tests="8" skipped="0" failures="0" errors="0" timestamp="2015-08-29T05:19:36" hostname="Nataliyas-MacBook-Pro.local" time="0.265">
  <properties/>
  <testcase name="clientsPopulatedByStylist_true" classname="StylistTest" time="0.055"/>
  <testcase name="save_savesStylistIntoDatabase_true" classname="StylistTest" time="0.024"/>
  <testcase name="all_emptyAtFirst" classname="StylistTest" time="0.019"/>
  <testcase name="find_findsStylistInDatabase_true" classname="StylistTest" time="0.024"/>
  <testcase name="update_updatesStylistInDatabase_true" classname="StylistTest" time="0.042"/>
  <testcase name="equals_returnsTrueIfStylistNamesAretheSame" classname="StylistTest" time="0.009"/>
  <testcase name="getClients_retrievesAllClientsFromDatabase_clientsList" classname="StylistTest" time="0.047"/>
  <testcase name="delete_deletesStylistFromDatabase_true" classname="StylistTest" time="0.044"/>
  <system-out><![CDATA[]]></system-out>
  <system-err><![CDATA[]]></system-err>
</testsuite>
