<?xml version="1.0" encoding="UTF-8"?>
<testsuite name="AppTest" tests="11" skipped="0" failures="0" errors="0" timestamp="2015-08-29T05:19:35" hostname="Nataliyas-MacBook-Pro.local" time="1.299">
  <properties/>
  <testcase name="formToUpdateClientIsDisplayed" classname="AppTest" time="0.524"/>
  <testcase name="stylistIsDisplayedOnItsPageTest" classname="AppTest" time="0.067"/>
  <testcase name="updatePhone_UpdatesAndDisplaysUpdatedClientPhone" classname="AppTest" time="0.081"/>
  <testcase name="rootTest" classname="AppTest" time="0.038"/>
  <testcase name="clientIsAddedAndDisplayed" classname="AppTest" time="0.074"/>
  <testcase name="updateName_UpdatesAndDisplaysUpdatedClientName" classname="AppTest" time="0.072"/>
  <testcase name="update_UpdatesAndDisplaysUpdatedStylist" classname="AppTest" time="0.06"/>
  <testcase name="delete_DeletedStylistNoLongerDisplayed" classname="AppTest" time="0.088"/>
  <testcase name="stylistClientsFormIsDisplayed" classname="AppTest" time="0.05"/>
  <testcase name="stylistIsAddedTest" classname="AppTest" time="0.11"/>
  <testcase name="delete_DeletedClientNoLongerDisplayed" classname="AppTest" time="0.082"/>
  <system-out><![CDATA[]]></system-out>
  <system-err><![CDATA[[Thread-4] INFO spark.webserver.SparkServer - == Spark has ignited ...
[Thread-4] INFO spark.webserver.SparkServer - >> Listening on 0.0.0.0:4567
[Thread-4] INFO org.eclipse.jetty.server.Server - jetty-9.0.2.v20130417
[Thread-4] INFO org.eclipse.jetty.server.ServerConnector - Started ServerConnector@3bc3fe52{HTTP/1.1}{0.0.0.0:4567}
[Test worker] INFO spark.webserver.SparkServer - >>> Spark shutting down ...
[Test worker] INFO org.eclipse.jetty.server.Server - Graceful shutdown org.eclipse.jetty.server.Server@31cd1ecc by 
[Test worker] INFO org.eclipse.jetty.server.ServerConnector - Stopped ServerConnector@3bc3fe52{HTTP/1.1}{0.0.0.0:4567}
[Test worker] INFO spark.webserver.SparkServer - done
]]></system-err>
</testsuite>
