<?xml version="1.0" encoding="UTF-8"?>
<testsuite name="ClientTest" tests="9" skipped="0" failures="0" errors="0" timestamp="2015-08-29T19:13:43" hostname="Nataliyas-MacBook-Pro.local" time="0.309">
  <properties/>
  <testcase name="save_savesStylistIdIntoDatabase_true" classname="ClientTest" time="0.055"/>
  <testcase name="find_findsClientInDatabase_true" classname="ClientTest" time="0.031"/>
  <testcase name="save_returnsTrueIfClientNamesAretheSame" classname="ClientTest" time="0.033"/>
  <testcase name="all_emptyAtFirst" classname="ClientTest" time="0.016"/>
  <testcase name="updateName_updatesClientNameinDatabase_true" classname="ClientTest" time="0.044"/>
  <testcase name="delete_deletesClientFromDatabase_true" classname="ClientTest" time="0.044"/>
  <testcase name="updatePhone_updatesClientPhoneInDatabase_true" classname="ClientTest" time="0.046"/>
  <testcase name="save_assignsIdToObject" classname="ClientTest" time="0.026"/>
  <testcase name="equals_returnsTrueIfClientNamePhoneAretheSame" classname="ClientTest" time="0.009"/>
  <system-out><![CDATA[]]></system-out>
  <system-err><![CDATA[]]></system-err>
</testsuite>
